min_negative_polarity , 0.852431999754
avg_negative_polarity , 0.852305607562
max_negative_polarity , 0.852236817963
data_channel_is_socmed , 0.852173198731
weekday_is_saturday , 0.852171347779
data_channel_is_lifestyle , 0.852170851683
weekday_is_sunday , 0.852167774365
global_rate_negative_words , 0.852162860337
global_rate_positive_words , 0.852155793447
is_weekend , 0.852145315114
weekday_is_friday , 0.852123468498
data_channel_is_bus , 0.852112855965
data_channel_is_tech , 0.852112428475
weekday_is_monday , 0.852106913265
weekday_is_thursday , 0.852096923972
weekday_is_tuesday , 0.85209430032
weekday_is_wednesday , 0.852092806729
min_positive_polarity , 0.852091887403
data_channel_is_entertainment , 0.852089379093
title_sentiment_polarity , 0.852076401358
global_sentiment_polarity , 0.852062783723
data_channel_is_world , 0.852062070249
abs_title_sentiment_polarity , 0.852052214247
LDA_01 , 0.852049139229
LDA_00 , 0.852047215121
LDA_03 , 0.852032954773
LDA_04 , 0.852018643047
title_subjectivity , 0.852003739805
LDA_02 , 0.851999705935
abs_title_subjectivity , 0.851969912867
rate_negative_words , 0.851941096252
avg_positive_polarity , 0.8519161311
global_subjectivity , 0.851875715858
rate_positive_words , 0.851755952678
max_positive_polarity , 0.85172912412
average_token_length , 0.849087313622
num_keywords , 0.847911915786
num_videos , 0.846774205157
n_tokens_title , 0.845134930758
num_self_hrefs , 0.843193085248
num_imgs , 0.840861519083
kw_min_min , 0.832308974749
num_hrefs , 0.824670338052
n_non_stop_unique_tokens , 0.786575754399
n_unique_tokens , 0.782702553291
n_non_stop_words , 0.758314760826
kw_min_avg , 0.144192350635
n_tokens_content , -0.188576076398
kw_avg_min , -2.93900587488
kw_avg_avg , -3.96779028191
kw_max_min , -22.1255237179
kw_max_avg , -23.5174827101
self_reference_avg_sharess , -64.5826631729
self_reference_min_shares , -64.6939073023
self_reference_max_shares , -66.7040762229
kw_min_max , -74.1111353483
kw_avg_max , -204.854601484
kw_max_max , -466.282566603
